#
# There is insufficient memory for the Java Runtime Environment to continue.
# Native memory allocation (mmap) failed to map 532676608 bytes. Error detail: G1 virtual space
# Possible reasons:
#   The system is out of physical RAM or swap space
#   This process is running with CompressedOops enabled, and the Java Heap may be blocking the growth of the native heap
# Possible solutions:
#   Reduce memory load on the system
#   Increase physical memory or swap space
#   Check if swap backing store is full
#   Decrease Java heap size (-Xmx/-Xms)
#   Decrease number of Java threads
#   Decrease Java thread stack sizes (-Xss)
#   Set larger code cache with -XX:ReservedCodeCacheSize=
#   JVM is running with Zero Based Compressed Oops mode in which the Java heap is
#     placed in the first 32GB address space. The Java Heap base address is the
#     maximum limit for the native heap growth. Please use -XX:HeapBaseMinAddress
#     to set the Java Heap base and to place the Java Heap above 32GB virtual address.
# This output file may be truncated or incomplete.
#
#  Out of Memory Error (os_windows.cpp:3703), pid=21708, tid=21104
#
# JRE version:  (23.0.1+11) (build )
# Java VM: Java HotSpot(TM) 64-Bit Server VM (23.0.1+11-39, mixed mode, sharing, tiered, compressed oops, compressed class ptrs, g1 gc, windows-amd64)
# No core dump will be written. Minidumps are not enabled by default on client versions of Windows
#

---------------  S U M M A R Y ------------

Command Line: -Dfile.encoding=UTF-8 -Dstdout.encoding=UTF-8 -Dstderr.encoding=UTF-8 --module-path=C:\Users\HD\eclipse-workspace\test\bin -XX:+ShowCodeDetailsInExceptionMessages -Djdk.module.main=test test/test.first

Host: Intel(R) Core(TM) i7-10850H CPU @ 2.70GHz, 12 cores, 31G,  Windows 11 , 64 bit Build 26100 (10.0.26100.2454)
Time: Mon Jan 13 02:36:07 2025 Egypt Standard Time elapsed time: 0.011551 seconds (0d 0h 0m 0s)

---------------  T H R E A D  ---------------

Current thread (0x000001ee98b836d0):  JavaThread "Unknown thread" [_thread_in_vm, id=21104, stack(0x000000ebecf00000,0x000000ebed000000) (1024K)]

Stack: [0x000000ebecf00000,0x000000ebed000000]
Native frames: (J=compiled Java code, j=interpreted, Vv=VM code, C=native code)
V  [jvm.dll+0x6e08b9]  (no source info available)
V  [jvm.dll+0x87dc83]  (no source info available)
V  [jvm.dll+0x88010e]  (no source info available)
V  [jvm.dll+0x8807e3]  (no source info available)
V  [jvm.dll+0x27aee6]  (no source info available)
V  [jvm.dll+0x6dd1c5]  (no source info available)
V  [jvm.dll+0x6d104a]  (no source info available)
V  [jvm.dll+0x35b3ea]  (no source info available)
V  [jvm.dll+0x3637f6]  (no source info available)
V  [jvm.dll+0x34fd5e]  (no source info available)
V  [jvm.dll+0x34fff8]  (no source info available)
V  [jvm.dll+0x3289cc]  (no source info available)
V  [jvm.dll+0x32966e]  (no source info available)
V  [jvm.dll+0x844355]  (no source info available)
V  [jvm.dll+0x3b9848]  (no source info available)
V  [jvm.dll+0x82d14c]  (no source info available)
V  [jvm.dll+0x454d4e]  (no source info available)
V  [jvm.dll+0x456bd1]  (no source info available)
C  [jli.dll+0x52a3]  (no source info available)
C  [ucrtbase.dll+0x14ea0]  (no source info available)
C  [KERNEL32.DLL+0x2e8d7]  (no source info available)
C  [ntdll.dll+0xdfbcc]  (no source info available)

Lock stack of current Java thread (top to bottom):


---------------  P R O C E S S  ---------------

Threads class SMR info:
_java_thread_list=0x00007fff97ea3618, length=0, elements={
}

Java Threads: ( => current thread )
Total: 0

Other Threads:
  0x000001ee9b032f60 WorkerThread "GC Thread#0"                     [id=16376, stack(0x000000ebed000000,0x000000ebed100000) (1024K)]
  0x000001ee9b04a890 ConcurrentGCThread "G1 Main Marker"            [id=21528, stack(0x000000ebed100000,0x000000ebed200000) (1024K)]
  0x000001ee9b04b3a0 WorkerThread "G1 Conc#0"                       [id=10976, stack(0x000000ebed200000,0x000000ebed300000) (1024K)]

[error occurred during error reporting (printing all threads), id 0xc0000005, EXCEPTION_ACCESS_VIOLATION (0xc0000005) at pc=0x00007fff975ebfba]
VM state: not at safepoint (not fully initialized)

VM Mutex/Monitor currently owned by a thread:  ([mutex/lock_event])
[0x00007fff97f23a10] Heap_lock - owner thread: 0x000001ee98b836d0

Heap address: 0x0000000606400000, size: 8092 MB, Compressed Oops mode: Zero based, Oop shift amount: 3

CDS archive(s) mapped at: [0x0000000000000000-0x0000000000000000-0x0000000000000000), size 0, SharedBaseAddress: 0x0000000800000000, ArchiveRelocationMode: 1.
Narrow klass base: 0x0000000000000000, Narrow klass shift: 0, Narrow klass range: 0x0

GC Precious Log:
 CardTable entry size: 512
 Card Set container configuration: InlinePtr #cards 4 size 8 Array Of Cards #cards 32 size 80 Howl #buckets 8 coarsen threshold 7372 Howl Bitmap #cards 1024 size 144 coarsen threshold 921 Card regions per heap region 1 cards per card region 8192

Heap:
 garbage-first heap   total reserved 8286208K, committed 0K, used 0K [0x0000000606400000, 0x0000000800000000)
  region size 4096K, 0 young (0K), 0 survivors (0K)

[error occurred during error reporting (printing heap information), id 0xc0000005, EXCEPTION_ACCESS_VIOLATION (0xc0000005) at pc=0x00007fff979ec3c9]
GC Heap History (0 events):
No events

Dll operation events (1 events):
Event: 0.008 Loaded shared library C:\Program Files\Java\jdk-23\bin\java.dll

Deoptimization events (0 events):
No events

Classes loaded (0 events):
No events

Classes unloaded (0 events):
No events

Classes redefined (0 events):
No events

Internal exceptions (0 events):
No events

VM Operations (0 events):
No events

Memory protections (0 events):
No events

Nmethod flushes (0 events):
No events

Events (0 events):
No events


Dynamic libraries:
0x00007ff693620000 - 0x00007ff693630000 	C:\Program Files\Java\jdk-23\bin\javaw.exe
0x00007ff81df40000 - 0x00007ff81e1a3000 	C:\WINDOWS\SYSTEM32\ntdll.dll
0x00007ff81d0b0000 - 0x00007ff81d178000 	C:\WINDOWS\System32\KERNEL32.DLL
0x00007ff81b9e0000 - 0x00007ff81bd92000 	C:\WINDOWS\System32\KERNELBASE.dll
0x00007ff81b4a0000 - 0x00007ff81b5eb000 	C:\WINDOWS\System32\ucrtbase.dll
0x00007ff8061b0000 - 0x00007ff8061cb000 	C:\Program Files\Java\jdk-23\bin\VCRUNTIME140.dll
0x00007ff806180000 - 0x00007ff806197000 	C:\Program Files\Java\jdk-23\bin\jli.dll
0x00007ff81dc80000 - 0x00007ff81de48000 	C:\WINDOWS\System32\USER32.dll
0x00007ff81b470000 - 0x00007ff81b497000 	C:\WINDOWS\System32\win32u.dll
0x00007ff81ccd0000 - 0x00007ff81ccfa000 	C:\WINDOWS\System32\GDI32.dll
0x00007ffff91e0000 - 0x00007ffff9470000 	C:\WINDOWS\WinSxS\amd64_microsoft.windows.common-controls_6595b64144ccf1df_6.0.26100.2454_none_3e0b68a2e331ad60\COMCTL32.dll
0x00007ff81b5f0000 - 0x00007ff81b71b000 	C:\WINDOWS\System32\gdi32full.dll
0x00007ff81cab0000 - 0x00007ff81cb59000 	C:\WINDOWS\System32\msvcrt.dll
0x00007ff81b930000 - 0x00007ff81b9d3000 	C:\WINDOWS\System32\msvcp_win.dll
0x00007ff81cb60000 - 0x00007ff81cb8f000 	C:\WINDOWS\System32\IMM32.DLL
0x00007ff80f840000 - 0x00007ff80f84c000 	C:\Program Files\Java\jdk-23\bin\vcruntime140_1.dll
0x00007ff805ba0000 - 0x00007ff805c2e000 	C:\Program Files\Java\jdk-23\bin\msvcp140.dll
0x00007fff972b0000 - 0x00007fff97fff000 	C:\Program Files\Java\jdk-23\bin\server\jvm.dll
0x00007ff81bda0000 - 0x00007ff81be54000 	C:\WINDOWS\System32\ADVAPI32.dll
0x00007ff81de50000 - 0x00007ff81def6000 	C:\WINDOWS\System32\sechost.dll
0x00007ff81cbb0000 - 0x00007ff81ccc6000 	C:\WINDOWS\System32\RPCRT4.dll
0x00007ff81c2f0000 - 0x00007ff81c364000 	C:\WINDOWS\System32\WS2_32.dll
0x00007ff819fe0000 - 0x00007ff81a02e000 	C:\WINDOWS\SYSTEM32\POWRPROF.dll
0x00007ff811370000 - 0x00007ff81137b000 	C:\WINDOWS\SYSTEM32\VERSION.dll
0x00007ffffa050000 - 0x00007ffffa086000 	C:\WINDOWS\SYSTEM32\WINMM.dll
0x00007ff819fc0000 - 0x00007ff819fd4000 	C:\WINDOWS\SYSTEM32\UMPDC.dll
0x00007ff81a260000 - 0x00007ff81a27a000 	C:\WINDOWS\SYSTEM32\kernel.appcore.dll
0x00007ff80f820000 - 0x00007ff80f82a000 	C:\Program Files\Java\jdk-23\bin\jimage.dll
0x00007ff815190000 - 0x00007ff8153d1000 	C:\WINDOWS\SYSTEM32\DBGHELP.DLL
0x00007ff81d430000 - 0x00007ff81d7ae000 	C:\WINDOWS\System32\combase.dll
0x00007ff81cd20000 - 0x00007ff81cdf6000 	C:\WINDOWS\System32\OLEAUT32.dll
0x00007fffe8110000 - 0x00007fffe8149000 	C:\WINDOWS\SYSTEM32\dbgcore.DLL
0x00007ff81b310000 - 0x00007ff81b3a9000 	C:\WINDOWS\System32\bcryptPrimitives.dll
0x00007ff805e40000 - 0x00007ff805e5e000 	C:\Program Files\Java\jdk-23\bin\java.dll
0x00007ff81ce00000 - 0x00007ff81cf99000 	C:\WINDOWS\System32\ole32.dll
0x00007ff81c370000 - 0x00007ff81ca70000 	C:\WINDOWS\System32\SHELL32.dll

dbghelp: loaded successfully - version: 4.0.5 - missing functions: none
symbol engine: initialized successfully - sym options: 0x614 - pdb path: .;C:\Program Files\Java\jdk-23\bin;C:\WINDOWS\SYSTEM32;C:\WINDOWS\WinSxS\amd64_microsoft.windows.common-controls_6595b64144ccf1df_6.0.26100.2454_none_3e0b68a2e331ad60;C:\Program Files\Java\jdk-23\bin\server

VM Arguments:
jvm_args: -Dfile.encoding=UTF-8 -Dstdout.encoding=UTF-8 -Dstderr.encoding=UTF-8 --module-path=C:\Users\HD\eclipse-workspace\test\bin -XX:+ShowCodeDetailsInExceptionMessages -Djdk.module.main=test 
java_command: test/test.first
java_class_path (initial): <not set>
Launcher Type: SUN_STANDARD

[Global flags]
     intx CICompilerCount                          = 4                                         {product} {ergonomic}
     uint ConcGCThreads                            = 3                                         {product} {ergonomic}
     uint G1ConcRefinementThreads                  = 10                                        {product} {ergonomic}
   size_t G1HeapRegionSize                         = 4194304                                   {product} {ergonomic}
   size_t InitialHeapSize                          = 532676608                                 {product} {ergonomic}
   size_t MarkStackSize                            = 4194304                                   {product} {ergonomic}
   size_t MarkStackSizeMax                         = 536870912                                 {product} {ergonomic}
   size_t MaxHeapSize                              = 8485076992                                {product} {ergonomic}
   size_t MinHeapDeltaBytes                        = 4194304                                   {product} {ergonomic}
   size_t MinHeapSize                              = 8388608                                   {product} {ergonomic}
    uintx NonNMethodCodeHeapSize                   = 5832704                                {pd product} {ergonomic}
    uintx NonProfiledCodeHeapSize                  = 122945536                              {pd product} {ergonomic}
    uintx ProfiledCodeHeapSize                     = 122880000                              {pd product} {ergonomic}
    uintx ReservedCodeCacheSize                    = 251658240                              {pd product} {ergonomic}
     bool SegmentedCodeCache                       = true                                      {product} {ergonomic}
     bool ShowCodeDetailsInExceptionMessages       = true                                   {manageable} {command line}
   size_t SoftMaxHeapSize                          = 8485076992                             {manageable} {ergonomic}
     bool UseCompressedOops                        = true                           {product lp64_product} {ergonomic}
     bool UseG1GC                                  = true                                      {product} {ergonomic}
     bool UseLargePagesIndividualAllocation        = false                                  {pd product} {ergonomic}

Logging:
Log output configuration:
 #0: stdout all=warning uptime,level,tags foldmultilines=false
 #1: stderr all=off uptime,level,tags foldmultilines=false

Environment Variables:
JAVA_HOME=C:\Program Files\Java\jdk-23
PATH=C:/Users/HD/.p2/pool/plugins/org.eclipse.justj.openjdk.hotspot.jre.full.win32.x86_64_23.0.1.v20241024-1700/jre/bin/server;C:/Users/HD/.p2/pool/plugins/org.eclipse.justj.openjdk.hotspot.jre.full.win32.x86_64_23.0.1.v20241024-1700/jre/bin;C:\Program Files (x86)\VMware\VMware Workstation\bin\;C:\Program Files\Common Files\Oracle\Java\javapath;C:\Windows\system32;C:\Windows;C:\Windows\System32\Wbem;C:\Windows\System32\WindowsPowerShell\v1.0\;C:\Windows\System32\OpenSSH\;C:\Program Files (x86)\NVIDIA Corporation\PhysX\Common;C:\Program Files (x86)\PuTTY\;C:\WINDOWS\system32;C:\WINDOWS;C:\WINDOWS\System32\Wbem;C:\WINDOWS\System32\WindowsPowerShell\v1.0\;C:\WINDOWS\System32\OpenSSH\;C:\Program Files\Java\jdk-23\bin;C:\Users\HD\AppData\Local\Microsoft\WindowsApps;;C:\Users\HD\Desktop;
USERNAME=HD
OS=Windows_NT
PROCESSOR_IDENTIFIER=Intel64 Family 6 Model 165 Stepping 2, GenuineIntel
TMP=C:\Users\HD\AppData\Local\Temp
TEMP=C:\Users\HD\AppData\Local\Temp




Periodic native trim disabled

---------------  S Y S T E M  ---------------

OS:
 Windows 11 , 64 bit Build 26100 (10.0.26100.2454)
OS uptime: 0 days 4:48 hours

CPU: total 12 (initial active 12) (6 cores per cpu, 2 threads per core) family 6 model 165 stepping 2 microcode 0xe0, cx8, cmov, fxsr, ht, mmx, 3dnowpref, sse, sse2, sse3, ssse3, sse4.1, sse4.2, popcnt, lzcnt, tsc, tscinvbit, avx, avx2, aes, erms, clmul, bmi1, bmi2, adx, fma, vzeroupper, clflush, clflushopt, rdtscp, f16c, pku
Processor Information for the first 12 processors :
  Max Mhz: 2712, Current Mhz: 2712, Mhz Limit: 2712

Memory: 4k page, system-wide physical 32365M (20909M free)
TotalPageFile size 63294M (AvailPageFile size 311M)
current process WorkingSet (physical memory assigned to process): 13M, peak: 13M
current process commit charge ("private bytes"): 65M, peak: 573M

vm_info: Java HotSpot(TM) 64-Bit Server VM (23.0.1+11-39) for windows-amd64 JRE (23.0.1+11-39), built on 2024-09-30T07:20:43Z with MS VC++ 17.6 (VS2022)

END.
